

Version:	3.12
CmdLine:	C:\Users\scar1\Desktop\notown project\notown.exe --l4j-debug
WOW64:		yes
Working dir:	C:\Users\scar1\Desktop\notown project\.
Java min ver:	1.004.000
Java max ver:	
64-bit search:	SOFTWARE\JavaSoft\Java Runtime Environment...
32-bit search:	SOFTWARE\JavaSoft\Java Runtime Environment...
64-bit search:	SOFTWARE\JavaSoft\Java Development Kit...
Check:		SOFTWARE\JavaSoft\Java Development Kit\1.8
Check launcher:	D:\bin\javaw.exe (OK)
Match:		1.008.000
Check:		SOFTWARE\JavaSoft\Java Development Kit\1.8.0_144
Check launcher:	D:\bin\javaw.exe (OK)
Match:		1.008.000_144
64-bit search:	SOFTWARE\JavaSoft\JRE...
64-bit search:	SOFTWARE\JavaSoft\JDK...
Runtime used:	1.008.000_144 (64-bit)
Launcher:	D:\bin\javaw.exe
Launcher args:	-jar "C:\Users\scar1\Desktop\notown project\notown.exe"
Args length:	55/32768 chars
Exit code:	0


Version:	3.12
CmdLine:	C:\Users\scar1\Desktop\notownproject\notown.exe --l4j-debug
WOW64:		yes
Working dir:	C:\Users\scar1\Desktop\notownproject\.
Java min ver:	1.004.000
Java max ver:	
64-bit search:	SOFTWARE\JavaSoft\Java Runtime Environment...
32-bit search:	SOFTWARE\JavaSoft\Java Runtime Environment...
64-bit search:	SOFTWARE\JavaSoft\Java Development Kit...
Check:		SOFTWARE\JavaSoft\Java Development Kit\1.8
Check launcher:	D:\bin\javaw.exe (OK)
Match:		1.008.000
Check:		SOFTWARE\JavaSoft\Java Development Kit\1.8.0_144
Check launcher:	D:\bin\javaw.exe (OK)
Match:		1.008.000_144
64-bit search:	SOFTWARE\JavaSoft\JRE...
64-bit search:	SOFTWARE\JavaSoft\JDK...
Runtime used:	1.008.000_144 (64-bit)
Launcher:	D:\bin\javaw.exe
Launcher args:	-jar "C:\Users\scar1\Desktop\notownproject\notown.exe"
Args length:	54/32768 chars
Exit code:	0


Version:	3.12
CmdLine:	C:\Users\scar1\Desktop\notownproject\notown.exe --l4j-debug
WOW64:		yes
Working dir:	C:\Users\scar1\Desktop\notownproject\.
Java min ver:	1.004.000
Java max ver:	
64-bit search:	SOFTWARE\JavaSoft\Java Runtime Environment...
32-bit search:	SOFTWARE\JavaSoft\Java Runtime Environment...
64-bit search:	SOFTWARE\JavaSoft\Java Development Kit...
Check:		SOFTWARE\JavaSoft\Java Development Kit\1.8
Check launcher:	D:\bin\javaw.exe (OK)
Match:		1.008.000
Check:		SOFTWARE\JavaSoft\Java Development Kit\1.8.0_144
Check launcher:	D:\bin\javaw.exe (OK)
Match:		1.008.000_144
64-bit search:	SOFTWARE\JavaSoft\JRE...
64-bit search:	SOFTWARE\JavaSoft\JDK...
Runtime used:	1.008.000_144 (64-bit)
Launcher:	D:\bin\javaw.exe
Launcher args:	-jar "C:\Users\scar1\Desktop\notownproject\notown.exe"
Args length:	54/32768 chars
Exit code:	0


Version:	3.12
CmdLine:	C:\Users\scar1\Desktop\notownproject\notown.exe --l4j-debug
WOW64:		yes
Working dir:	C:\Users\scar1\Desktop\notownproject\.
Java min ver:	1.004.000
Java max ver:	
64-bit search:	SOFTWARE\JavaSoft\Java Runtime Environment...
32-bit search:	SOFTWARE\JavaSoft\Java Runtime Environment...
64-bit search:	SOFTWARE\JavaSoft\Java Development Kit...
Check:		SOFTWARE\JavaSoft\Java Development Kit\1.8
Check launcher:	D:\bin\javaw.exe (OK)
Match:		1.008.000
Check:		SOFTWARE\JavaSoft\Java Development Kit\1.8.0_144
Check launcher:	D:\bin\javaw.exe (OK)
Match:		1.008.000_144
64-bit search:	SOFTWARE\JavaSoft\JRE...
64-bit search:	SOFTWARE\JavaSoft\JDK...
Runtime used:	1.008.000_144 (64-bit)
Launcher:	D:\bin\javaw.exe
Launcher args:	-jar "C:\Users\scar1\Desktop\notownproject\notown.exe"
Args length:	54/32768 chars
Exit code:	0
